<?xml version="1.0" encoding="UTF-8" ?>
<testsuite tests="6" failures="0" name="com.ifpe.ts.testes.piramide.ProfessorTest" time="0.001" errors="0" skipped="0">
  <properties>
[...]
</properties>
  <testcase classname="com.ifpe.ts.testes.piramide.ProfessorTest" name="setNomeTest" time="0.001"/>
  <testcase classname="com.ifpe.ts.testes.piramide.ProfessorTest" name="telefoneTest" time="0"/>
  <testcase classname="com.ifpe.ts.testes.piramide.ProfessorTest" name="siapeTest" time="0"/>
  <testcase classname="com.ifpe.ts.testes.piramide.ProfessorTest" name="nomeTest" time="0"/>
  <testcase classname="com.ifpe.ts.testes.piramide.ProfessorTest" name="setSiapeTest" time="0"/>
  <testcase classname="com.ifpe.ts.testes.piramide.ProfessorTest" name="setTelefoneTest" time="0"/>
</testsuite>